Arguments: 
  D:\SoftWare\nodejs\node.exe D:\SoftWare\yarn\bin\yarn.js init

PATH: 
  D:\SoftWare\cmder\vendor\git-for-windows\mingw64\bin;D:\SoftWare\cmder\vendor\git-for-windows\usr\bin;C:\Users\86178\bin;C:\WINDOWS\system32;C:\WINDOWS;C:\WINDOWS\System32\Wbem;C:\WINDOWS\System32\WindowsPowerShell\v1.0;C:\WINDOWS\System32\OpenSSH;D:\SoftWare\yarn\bin;C:\Users\86178\Desktop;D:\SoftWare\nodejs;C:\Users\86178\AppData\Local\Microsoft\WindowsApps;C:\Users\86178\AppData\Local\Yarn\bin;D:\SoftWare\Microsoft VS Code\bin;C:\Users\86178\AppData\Roaming\npm

Yarn version: 
  1.22.5

Node version: 
  14.17.3

Platform: 
  win32 x64

Trace: 
  Error: canceled
      at Interface.<anonymous> (D:\SoftWare\yarn\lib\cli.js:137009:13)
      at Interface.emit (events.js:375:28)
      at Interface._ttyWrite (readline.js:910:16)
      at ReadStream.onkeypress (readline.js:235:10)
      at ReadStream.emit (events.js:375:28)
      at emitKeys (internal/readline/utils.js:358:14)
      at emitKeys.next (<anonymous>)
      at ReadStream.onData (readline.js:1179:36)
      at ReadStream.emit (events.js:375:28)
      at addChunk (internal/streams/readable.js:290:12)

npm manifest: 
  No manifest

yarn manifest: 
  No manifest

Lockfile: 
  No lockfile
